<?xml version="1.0" encoding="UTF-8"?>
<testsuite xmlns:xsi="http://www.w3.org/2001/XMLSchema-instance" xsi:noNamespaceSchemaLocation="https://maven.apache.org/surefire/maven-surefire-plugin/xsd/surefire-test-report.xsd" name="com.challenge.service.OrderServiceTest" time="0.03" tests="5" errors="0" skipped="0" failures="0">
  <properties>
[...]
</properties>
  <testcase name="testDuplicateOrderDetection" classname="com.challenge.service.OrderServiceTest" time="0"/>
  <testcase name="testProductWithZeroPrice" classname="com.challenge.service.OrderServiceTest" time="0.016"/>
  <testcase name="testEmptyOrderTotalValue" classname="com.challenge.service.OrderServiceTest" time="0.001"/>
  <testcase name="testCalculateTotalValue" classname="com.challenge.service.OrderServiceTest" time="0"/>
  <testcase name="testOrderStatusManagement" classname="com.challenge.service.OrderServiceTest" time="0.001"/>
</testsuite>